2026-03-20 17:27:40,068 - paper_polish - INFO - Starting application...
2026-03-20 17:27:40,072 - paper_polish - INFO - Database initialized
2026-03-20 17:28:42,843 - paper_polish - INFO - Creating AI service: zhipuai
2026-03-20 17:28:43,785 - paper_polish - INFO - Polishing text with model: glm-5, style: academic
2026-03-20 17:28:52,011 - paper_polish - WARNING - Attempt 1 failed: Connection error.. Retrying in 1.0s...
2026-03-20 17:28:53,016 - paper_polish - INFO - Polishing text with model: glm-5, style: academic
2026-03-20 17:29:00,780 - paper_polish - WARNING - Attempt 2 failed: Connection error.. Retrying in 2.0s...
2026-03-20 17:29:02,789 - paper_polish - INFO - Polishing text with model: glm-5, style: academic
2026-03-20 17:29:10,894 - paper_polish - WARNING - Attempt 3 failed: Connection error.. Retrying in 4.0s...
2026-03-20 17:29:14,895 - paper_polish - INFO - Polishing text with model: glm-5, style: academic
2026-03-20 17:29:22,925 - paper_polish - ERROR - All 4 attempts failed: Connection error.
2026-03-20 17:29:22,926 - paper_polish - INFO - POST /api/polish/text - 500 - 40.083s
2026-03-20 17:29:23,938 - paper_polish - INFO - Creating AI service: zhipuai
2026-03-20 17:29:24,811 - paper_polish - INFO - Polishing text with model: glm-5, style: academic
2026-03-20 17:29:33,321 - paper_polish - WARNING - Attempt 1 failed: Connection error.. Retrying in 1.0s...
2026-03-20 17:29:34,332 - paper_polish - INFO - Polishing text with model: glm-5, style: academic
2026-03-20 17:29:42,353 - paper_polish - WARNING - Attempt 2 failed: Connection error.. Retrying in 2.0s...
2026-03-20 17:29:44,360 - paper_polish - INFO - Polishing text with model: glm-5, style: academic
2026-03-20 17:29:52,873 - paper_polish - WARNING - Attempt 3 failed: Connection error.. Retrying in 4.0s...
2026-03-20 17:29:56,877 - paper_polish - INFO - Polishing text with model: glm-5, style: academic
2026-03-20 17:30:05,635 - paper_polish - ERROR - All 4 attempts failed: Connection error.
2026-03-20 17:30:05,635 - paper_polish - INFO - POST /api/polish/text - 500 - 41.697s
2026-03-20 17:30:07,642 - paper_polish - INFO - Creating AI service: zhipuai
2026-03-20 17:30:08,513 - paper_polish - INFO - Polishing text with model: glm-5, style: academic
2026-03-20 17:30:17,012 - paper_polish - WARNING - Attempt 1 failed: Connection error.. Retrying in 1.0s...
2026-03-20 17:30:18,027 - paper_polish - INFO - Polishing text with model: glm-5, style: academic
2026-03-20 17:30:26,350 - paper_polish - WARNING - Attempt 2 failed: Connection error.. Retrying in 2.0s...
2026-03-20 17:30:28,356 - paper_polish - INFO - Polishing text with model: glm-5, style: academic
2026-03-20 17:30:36,591 - paper_polish - WARNING - Attempt 3 failed: Connection error.. Retrying in 4.0s...
2026-03-20 17:30:40,596 - paper_polish - INFO - Polishing text with model: glm-5, style: academic
2026-03-20 17:30:49,509 - paper_polish - ERROR - All 4 attempts failed: Connection error.
2026-03-20 17:30:49,510 - paper_polish - INFO - POST /api/polish/text - 500 - 41.868s
2026-03-20 17:30:52,519 - paper_polish - INFO - Creating AI service: zhipuai
2026-03-20 17:30:53,551 - paper_polish - INFO - Polishing text with model: glm-5, style: academic
2026-03-20 17:31:02,253 - paper_polish - WARNING - Attempt 1 failed: Connection error.. Retrying in 1.0s...
2026-03-20 17:31:03,262 - paper_polish - INFO - Polishing text with model: glm-5, style: academic
2026-03-20 17:31:11,698 - paper_polish - WARNING - Attempt 2 failed: Connection error.. Retrying in 2.0s...
2026-03-20 17:31:13,704 - paper_polish - INFO - Polishing text with model: glm-5, style: academic
2026-03-20 17:31:21,721 - paper_polish - WARNING - Attempt 3 failed: Connection error.. Retrying in 4.0s...
2026-03-20 17:31:25,735 - paper_polish - INFO - Polishing text with model: glm-5, style: academic
2026-03-20 17:31:34,456 - paper_polish - ERROR - All 4 attempts failed: Connection error.
2026-03-20 17:31:34,456 - paper_polish - INFO - POST /api/polish/text - 500 - 41.938s
2026-03-20 17:31:39,319 - paper_polish - INFO - Creating AI service: zhipuai
2026-03-20 17:31:40,212 - paper_polish - INFO - Polishing text with model: glm-5, style: academic
2026-03-20 17:31:48,284 - paper_polish - WARNING - Attempt 1 failed: Connection error.. Retrying in 1.0s...
2026-03-20 17:31:49,287 - paper_polish - INFO - Polishing text with model: glm-5, style: academic
2026-03-20 17:31:58,224 - paper_polish - WARNING - Attempt 2 failed: Connection error.. Retrying in 2.0s...
2026-03-20 17:32:00,233 - paper_polish - INFO - Polishing text with model: glm-5, style: academic
2026-03-20 17:32:08,558 - paper_polish - WARNING - Attempt 3 failed: Connection error.. Retrying in 4.0s...
2026-03-20 17:32:12,563 - paper_polish - INFO - Polishing text with model: glm-5, style: academic
2026-03-20 17:32:21,006 - paper_polish - ERROR - All 4 attempts failed: Connection error.
2026-03-20 17:32:21,007 - paper_polish - INFO - POST /api/polish/text - 500 - 41.688s
2026-03-20 17:32:22,983 - paper_polish - INFO - Creating AI service: zhipuai
2026-03-20 17:32:24,039 - paper_polish - INFO - Polishing text with model: glm-5, style: academic
2026-03-20 17:32:32,350 - paper_polish - WARNING - Attempt 1 failed: Connection error.. Retrying in 1.0s...
2026-03-20 17:32:33,365 - paper_polish - INFO - Polishing text with model: glm-5, style: academic
2026-03-20 17:32:41,615 - paper_polish - WARNING - Attempt 2 failed: Connection error.. Retrying in 2.0s...
2026-03-20 17:32:43,630 - paper_polish - INFO - Polishing text with model: glm-5, style: academic
2026-03-20 17:32:51,645 - paper_polish - WARNING - Attempt 3 failed: Connection error.. Retrying in 4.0s...
2026-03-20 17:32:55,648 - paper_polish - INFO - Polishing text with model: glm-5, style: academic
2026-03-20 17:33:04,460 - paper_polish - ERROR - All 4 attempts failed: Connection error.
2026-03-20 17:33:04,460 - paper_polish - INFO - POST /api/polish/text - 500 - 41.478s
2026-03-20 17:33:06,984 - paper_polish - INFO - Creating AI service: zhipuai
2026-03-20 17:33:07,880 - paper_polish - INFO - Polishing text with model: glm-5, style: academic
2026-03-20 17:33:16,294 - paper_polish - WARNING - Attempt 1 failed: Connection error.. Retrying in 1.0s...
2026-03-20 17:33:17,304 - paper_polish - INFO - Polishing text with model: glm-5, style: academic
2026-03-20 17:33:25,680 - paper_polish - WARNING - Attempt 2 failed: Connection error.. Retrying in 2.0s...
2026-03-20 17:33:27,694 - paper_polish - INFO - Polishing text with model: glm-5, style: academic
2026-03-20 17:33:35,802 - paper_polish - WARNING - Attempt 3 failed: Connection error.. Retrying in 4.0s...
2026-03-20 17:33:39,803 - paper_polish - INFO - Polishing text with model: glm-5, style: academic
2026-03-20 17:33:47,703 - paper_polish - ERROR - All 4 attempts failed: Connection error.
2026-03-20 17:33:47,703 - paper_polish - INFO - POST /api/polish/text - 500 - 40.720s
2026-03-20 17:33:50,715 - paper_polish - INFO - Creating AI service: zhipuai
2026-03-20 17:33:51,607 - paper_polish - INFO - Polishing text with model: glm-5, style: academic
2026-03-20 17:34:00,054 - paper_polish - WARNING - Attempt 1 failed: Connection error.. Retrying in 1.0s...
2026-03-20 17:34:01,069 - paper_polish - INFO - Polishing text with model: glm-5, style: academic
2026-03-20 17:34:09,199 - paper_polish - WARNING - Attempt 2 failed: Connection error.. Retrying in 2.0s...
2026-03-20 17:34:11,211 - paper_polish - INFO - Polishing text with model: glm-5, style: academic
2026-03-20 17:34:19,999 - paper_polish - WARNING - Attempt 3 failed: Connection error.. Retrying in 4.0s...
2026-03-20 17:34:24,002 - paper_polish - INFO - Polishing text with model: glm-5, style: academic
2026-03-20 17:34:31,523 - paper_polish - ERROR - All 4 attempts failed: Connection error.
2026-03-20 17:34:31,524 - paper_polish - INFO - POST /api/polish/text - 500 - 40.809s
2026-03-20 17:34:56,556 - paper_polish - INFO - Shutting down application...
2026-03-20 17:40:05,637 - paper_polish - INFO - Starting application...
2026-03-20 17:40:05,637 - paper_polish - INFO - Starting application...
2026-03-20 17:40:05,640 - paper_polish - INFO - Database initialized
2026-03-20 17:40:05,640 - paper_polish - INFO - Database initialized
2026-03-20 17:40:05,656 - paper_polish - INFO - Starting application...
2026-03-20 17:40:05,657 - paper_polish - INFO - Starting application...
2026-03-20 17:40:05,659 - paper_polish - INFO - Database initialized
2026-03-20 17:40:05,660 - paper_polish - INFO - Database initialized
2026-03-20 17:40:06,649 - paper_polish - INFO - Starting application...
2026-03-20 17:40:06,651 - paper_polish - INFO - Database initialized
2026-03-20 17:40:33,219 - paper_polish - INFO - Creating AI service: zhipuai
2026-03-20 17:40:34,119 - paper_polish - INFO - Split text into 1 chunks for polishing
2026-03-20 17:40:42,696 - paper_polish - INFO - POST /api/polish/text - 500 - 9.478s
2026-03-20 17:40:56,920 - paper_polish - INFO - Creating AI service: zhipuai
2026-03-20 17:40:57,825 - paper_polish - INFO - Split text into 1 chunks for polishing
2026-03-20 17:41:06,465 - paper_polish - INFO - POST /api/polish/text - 500 - 9.546s
2026-03-20 17:42:01,163 - paper_polish - INFO - Starting application...
2026-03-20 17:42:01,165 - paper_polish - INFO - Database initialized
2026-03-20 17:42:01,165 - paper_polish - INFO - Shutting down application...
2026-03-20 17:46:14,339 - paper_polish - INFO - Starting application...
2026-03-20 17:46:14,342 - paper_polish - INFO - Database initialized
2026-03-20 17:46:14,342 - paper_polish - INFO - Shutting down application...
2026-03-20 17:48:35,829 - paper_polish - INFO - GET /health - 200 - 0.001s
2026-03-20 17:48:53,976 - paper_polish - INFO - Creating AI service: zhipuai
2026-03-20 17:48:54,941 - paper_polish - INFO - Split text into 2 chunks for polishing
2026-03-20 17:49:03,581 - paper_polish - ERROR - Chunk 0 failed: Connection error.
2026-03-20 17:49:03,581 - paper_polish - ERROR - Chunk 1 failed: Connection error.
2026-03-20 17:49:11,753 - paper_polish - INFO - POST /api/polish/text - 500 - 17.778s
2026-03-20 17:52:09,249 - paper_polish - INFO - GET /health - 200 - 0.001s
2026-03-20 17:52:24,393 - paper_polish - INFO - Creating AI service: zhipuai
2026-03-20 17:52:25,318 - paper_polish - INFO - Split text into 1 chunks for polishing
2026-03-20 17:52:33,005 - paper_polish - INFO - POST /api/polish/text - 500 - 8.613s
2026-03-20 17:58:30,395 - paper_polish - INFO - Starting application...
2026-03-20 17:58:30,398 - paper_polish - INFO - Database initialized
2026-03-20 17:59:48,060 - paper_polish - INFO - Starting application...
2026-03-20 17:59:48,063 - paper_polish - INFO - Database initialized
2026-03-20 18:00:09,758 - paper_polish - INFO - Starting application...
2026-03-20 18:00:09,760 - paper_polish - INFO - Database initialized
2026-03-20 18:00:19,011 - paper_polish - INFO - GET /health - 200 - 0.001s
2026-03-20 18:00:35,789 - paper_polish - INFO - Creating AI service: zhipuai
2026-03-20 18:00:36,707 - paper_polish - INFO - Split text into 1 chunks for polishing
2026-03-20 18:00:45,285 - paper_polish - INFO - POST /api/polish/text - 500 - 9.496s
2026-03-20 18:03:51,506 - paper_polish - INFO - Starting application...
2026-03-20 18:03:51,508 - paper_polish - INFO - Database initialized
2026-03-20 18:03:51,509 - paper_polish - INFO - Shutting down application...
2026-03-20 18:03:59,942 - paper_polish - INFO - GET /health - 200 - 0.000s
2026-03-20 18:04:07,882 - paper_polish - INFO - Creating AI service: zhipuai
2026-03-20 18:04:08,778 - paper_polish - INFO - Split text into 1 chunks for polishing
2026-03-20 18:04:17,189 - paper_polish - INFO - POST /api/polish/text - 500 - 9.308s
